<?xml version="1.0" encoding="UTF-8"?>
<!-- Generated by org.testng.reporters.JUnitReportReporter -->
<testsuite hostname="DESKTOP-GF6L37F" failures="0" tests="1" name="rest.httpmethods" time="4.310" errors="0" timestamp="2022-08-29T10:20:15 GMT-07:00" skipped="0">
  <testcase classname="rest.httpmethods" name="getUsers" time="4.310"/>
  <system-out/>
</testsuite> <!-- rest.httpmethods -->
