<?xml version="1.0" encoding="UTF-8"?>
<!-- Generated by org.testng.reporters.JUnitReportReporter -->
<testsuite hostname="DESKTOP-GF6L37F" failures="0" tests="4" name="Api.test.UserTests" time="10.047" errors="0" timestamp="2022-08-30T23:57:39 GMT-07:00" skipped="0">
  <testcase classname="Api.test.UserTests" name="testPostUser" time="3.816"/>
  <system-out/>
  <testcase classname="Api.test.UserTests" name="testgetuserbyname" time="1.631"/>
  <system-out/>
  <testcase classname="Api.test.UserTests" name="testupdateuserbyname" time="3.067"/>
  <system-out/>
  <testcase classname="Api.test.UserTests" name="testdeleteuserbyname" time="1.533"/>
  <system-out/>
</testsuite> <!-- Api.test.UserTests -->
