<?xml version="1.0" encoding="UTF-8"?>
<!-- Generated by org.testng.reporters.JUnitReportReporter -->
<testsuite hostname="DESKTOP-GF6L37F" failures="0" tests="8" name="Api.test.datadriventest" time="14.264" errors="0" timestamp="2022-08-30T23:00:14 GMT-07:00" skipped="0">
  <testcase classname="Api.test.datadriventest" name="testpostuser" time="3.888"/>
  <system-out/>
  <testcase classname="Api.test.datadriventest" name="testpostuser" time="1.381"/>
  <system-out/>
  <testcase classname="Api.test.datadriventest" name="testpostuser" time="1.500"/>
  <system-out/>
  <testcase classname="Api.test.datadriventest" name="testpostuser" time="1.527"/>
  <system-out/>
  <testcase classname="Api.test.datadriventest" name="testDeleteUserByName" time="1.454"/>
  <system-out/>
  <testcase classname="Api.test.datadriventest" name="testDeleteUserByName" time="1.511"/>
  <system-out/>
  <testcase classname="Api.test.datadriventest" name="testDeleteUserByName" time="1.433"/>
  <system-out/>
  <testcase classname="Api.test.datadriventest" name="testDeleteUserByName" time="1.570"/>
  <system-out/>
</testsuite> <!-- Api.test.datadriventest -->
